<?xml version="1.0" encoding="UTF-8"?>
<!-- Generated by org.testng.reporters.JUnitXMLReporter -->
<testsuite hostname="LAPTOP-IAN4GU20" ignored="0" name="Login" tests="1" failures="1" timestamp="2022-01-19T17:33:41 IST" time="0.004" errors="0">
  <testcase name="Logindetails" time="0.001" classname="maventraining.TutorialsninjaloginTest">
    <failure type="java.lang.NullPointerException">
      <![CDATA[java.lang.NullPointerException
at maventraining.Tutoriallogin.Loginusername(Tutoriallogin.java:29)
at maventraining.TutorialsninjaloginTest.Logindetails(TutorialsninjaloginTest.java:18)
at java.util.ArrayList.forEach(Unknown Source)
... Removed 27 stack frames]]>
    </failure>
  </testcase> <!-- Logindetails -->
</testsuite> <!-- Login -->
