<?xml version="1.0" encoding="UTF-8"?>
<testng-results skipped="0" failed="0" ignored="0" total="1" passed="1">
  <reporter-output>
  </reporter-output>
  <suite name="Surefire suite" duration-ms="6665" started-at="2022-01-05T20:00:03 IST" finished-at="2022-01-05T20:00:10 IST">
    <groups>
    </groups>
    <test name="Surefire test" duration-ms="6665" started-at="2022-01-05T20:00:03 IST" finished-at="2022-01-05T20:00:10 IST">
      <class name="maventraining.OneTest">
        <test-method status="PASS" signature="methodone()[pri:0, instance:maventraining.OneTest@25bbe1b6]" name="methodone" duration-ms="6607" started-at="2022-01-05T20:00:03 IST" finished-at="2022-01-05T20:00:10 IST">
          <reporter-output>
          </reporter-output>
        </test-method> <!-- methodone -->
      </class> <!-- maventraining.OneTest -->
    </test> <!-- Surefire test -->
  </suite> <!-- Surefire suite -->
</testng-results>
