<?xml version="1.0" encoding="UTF-8"?>
<testng-results ignored="0" total="1" passed="1" failed="0" skipped="0">
  <reporter-output>
  </reporter-output>
  <suite started-at="2022-01-24T16:46:17 IST" name="Default suite" finished-at="2022-01-24T16:46:55 IST" duration-ms="37918">
    <groups>
    </groups>
    <test started-at="2022-01-24T16:46:17 IST" name="Default test" finished-at="2022-01-24T16:46:55 IST" duration-ms="37918">
      <class name="maventraining.DownloadfileTest">
        <test-method signature="Filestore()[pri:0, instance:maventraining.DownloadfileTest@77eca502]" started-at="2022-01-24T16:46:17 IST" name="Filestore" finished-at="2022-01-24T16:46:55 IST" duration-ms="37878" status="PASS">
          <reporter-output>
          </reporter-output>
        </test-method> <!-- Filestore -->
      </class> <!-- maventraining.DownloadfileTest -->
    </test> <!-- Default test -->
  </suite> <!-- Default suite -->
</testng-results>
