<?xml version="1.0" encoding="UTF-8"?>
<!-- Generated by org.testng.reporters.JUnitXMLReporter -->
<testsuite hostname="LAPTOP-IAN4GU20" ignored="0" name="Login(failed)" tests="1" failures="1" timestamp="2022-01-15T18:46:23 IST" time="0.005" errors="0">
  <testcase name="Logindetails" time="0.002" classname="maventraining.TutorialsninjaloginTest">
    <failure type="java.lang.NullPointerException">
      <![CDATA[java.lang.NullPointerException
at maventraining.Tutoriallogin.Loginusername(Tutoriallogin.java:27)
at maventraining.TutorialsninjaloginTest.Logindetails(TutorialsninjaloginTest.java:18)
at java.util.ArrayList.forEach(Unknown Source)
... Removed 27 stack frames]]>
    </failure>
  </testcase> <!-- Logindetails -->
</testsuite> <!-- Login(failed) -->
