<?xml version="1.0" encoding="UTF-8"?>
<!-- Generated by org.testng.reporters.JUnitXMLReporter -->
<testsuite hostname="LAPTOP-IAN4GU20" ignored="0" name="Registration(failed)" tests="1" failures="1" timestamp="2022-01-15T18:46:23 IST" time="0.063" errors="0">
  <testcase name="Regdetailenter" time="0.014" classname="maventraining.TutorialninjaRegTest">
    <failure type="java.lang.NullPointerException">
      <![CDATA[java.lang.NullPointerException
at maventraining.TutorialninjaReg.Registerdetails(TutorialninjaReg.java:31)
at maventraining.TutorialninjaRegTest.Regdetailenter(TutorialninjaRegTest.java:22)
at java.util.ArrayList.forEach(Unknown Source)
... Removed 27 stack frames]]>
    </failure>
  </testcase> <!-- Regdetailenter -->
</testsuite> <!-- Registration(failed) -->
